<?xml version="1.0" encoding="utf-8"?>
<!DOCTYPE coverage SYSTEM "http://cobertura.sourceforge.net/xml/coverage-04.dtd">
<coverage line-rate="0.9696969696969697" branch-rate="0.9736842105263158" lines-covered="64" lines-valid="66" branches-covered="37" branches-valid="38" complexity="42" version="0" timestamp="1647629602">
  <sources>
    <source>C:\Documentos Neidson\Documentos Particular\PÓS ENG SOFTWARE\TESTE SISTEMÁTICO DE SOFTWARE\Teste de Unidade\SuperCodigo\SuperCodigo\</source>
  </sources>
  <packages>
    <package name="SuperCodigo" line-rate="0.9696969696969697" branch-rate="0.9736842105263158" complexity="42">
      <classes>
        <class name="SuperCodigo.Operacoes" filename="C:\Documentos Neidson\Documentos Particular\PÓS ENG SOFTWARE\TESTE SISTEMÁTICO DE SOFTWARE\Teste de Unidade\SuperCodigo\SuperCodigo\Operacoes.cs" line-rate="1" branch-rate="0.9722222222222222" complexity="NaN">
          <methods>
            <method name="ObterPosicaoCaractere" signature="(System.String,System.String)" line-rate="1" branch-rate="0.9" complexity="NaN">
              <lines>
                <line number="15" hits="4" branch="false" />
                <line number="16" hits="4" branch="true" condition-coverage="75% (3/4)" />
                <line number="17" hits="1" branch="false" />
                <line number="19" hits="3" branch="true" condition-coverage="100% (2/2)" />
                <line number="20" hits="1" branch="false" />
                <line number="22" hits="44" branch="true" condition-coverage="100% (2/2)" />
                <line number="23" hits="21" branch="false" />
                <line number="24" hits="21" branch="true" condition-coverage="100% (2/2)" />
                <line number="25" hits="1" branch="false" />
                <line number="26" hits="20" branch="false" />
                <line number="28" hits="1" branch="false" />
                <line number="29" hits="2" branch="false" />
              </lines>
            </method>
            <method name="ObterElementoFibonnaci" signature="(System.Int32)" line-rate="1" branch-rate="1" complexity="NaN">
              <lines>
                <line number="32" hits="3" branch="false" />
                <line number="33" hits="3" branch="true" condition-coverage="100% (2/2)" />
                <line number="34" hits="1" branch="false" />
                <line number="36" hits="6" branch="false" />
                <line number="38" hits="2" branch="true" condition-coverage="100% (2/2)" />
                <line number="39" hits="1" branch="false" />
                <line number="41" hits="1" branch="false" />
                <line number="42" hits="14" branch="true" condition-coverage="100% (2/2)" />
                <line number="43" hits="6" branch="false" />
                <line number="44" hits="6" branch="false" />
                <line number="45" hits="6" branch="false" />
                <line number="46" hits="6" branch="false" />
                <line number="47" hits="6" branch="false" />
                <line number="48" hits="1" branch="false" />
                <line number="50" hits="2" branch="false" />
                <line number="51" hits="2" branch="false" />
              </lines>
            </method>
            <method name="DeterminarTipoTriangulo" signature="(System.Int32,System.Int32,System.Int32)" line-rate="1" branch-rate="1" complexity="NaN">
              <lines>
                <line number="54" hits="7" branch="false" />
                <line number="55" hits="7" branch="false" />
                <line number="57" hits="7" branch="true" condition-coverage="100% (6/6)" />
                <line number="58" hits="1" branch="false" />
                <line number="60" hits="6" branch="false" />
                <line number="61" hits="6" branch="true" condition-coverage="100% (6/6)" />
                <line number="62" hits="1" branch="false" />
                <line number="64" hits="5" branch="false" />
                <line number="65" hits="5" branch="true" condition-coverage="100% (2/2)" />
                <line number="66" hits="2" branch="false" />
                <line number="67" hits="2" branch="false" />
                <line number="68" hits="2" branch="true" condition-coverage="100% (2/2)" />
                <line number="69" hits="1" branch="false" />
                <line number="70" hits="2" branch="false" />
                <line number="72" hits="3" branch="false" />
                <line number="73" hits="3" branch="true" condition-coverage="100% (4/4)" />
                <line number="74" hits="2" branch="false" />
                <line number="75" hits="3" branch="false" />
                <line number="76" hits="5" branch="false" />
                <line number="77" hits="6" branch="false" />
                <line number="79" hits="7" branch="false" />
                <line number="80" hits="7" branch="false" />
              </lines>
            </method>
          </methods>
          <lines>
            <line number="15" hits="4" branch="false" />
            <line number="16" hits="4" branch="true" condition-coverage="75% (3/4)" />
            <line number="17" hits="1" branch="false" />
            <line number="19" hits="3" branch="true" condition-coverage="100% (2/2)" />
            <line number="20" hits="1" branch="false" />
            <line number="22" hits="44" branch="true" condition-coverage="100% (2/2)" />
            <line number="23" hits="21" branch="false" />
            <line number="24" hits="21" branch="true" condition-coverage="100% (2/2)" />
            <line number="25" hits="1" branch="false" />
            <line number="26" hits="20" branch="false" />
            <line number="28" hits="1" branch="false" />
            <line number="29" hits="2" branch="false" />
            <line number="32" hits="3" branch="false" />
            <line number="33" hits="3" branch="true" condition-coverage="100% (2/2)" />
            <line number="34" hits="1" branch="false" />
            <line number="36" hits="6" branch="false" />
            <line number="38" hits="2" branch="true" condition-coverage="100% (2/2)" />
            <line number="39" hits="1" branch="false" />
            <line number="41" hits="1" branch="false" />
            <line number="42" hits="14" branch="true" condition-coverage="100% (2/2)" />
            <line number="43" hits="6" branch="false" />
            <line number="44" hits="6" branch="false" />
            <line number="45" hits="6" branch="false" />
            <line number="46" hits="6" branch="false" />
            <line number="47" hits="6" branch="false" />
            <line number="48" hits="1" branch="false" />
            <line number="50" hits="2" branch="false" />
            <line number="51" hits="2" branch="false" />
            <line number="54" hits="7" branch="false" />
            <line number="55" hits="7" branch="false" />
            <line number="57" hits="7" branch="true" condition-coverage="100% (6/6)" />
            <line number="58" hits="1" branch="false" />
            <line number="60" hits="6" branch="false" />
            <line number="61" hits="6" branch="true" condition-coverage="100% (6/6)" />
            <line number="62" hits="1" branch="false" />
            <line number="64" hits="5" branch="false" />
            <line number="65" hits="5" branch="true" condition-coverage="100% (2/2)" />
            <line number="66" hits="2" branch="false" />
            <line number="67" hits="2" branch="false" />
            <line number="68" hits="2" branch="true" condition-coverage="100% (2/2)" />
            <line number="69" hits="1" branch="false" />
            <line number="70" hits="2" branch="false" />
            <line number="72" hits="3" branch="false" />
            <line number="73" hits="3" branch="true" condition-coverage="100% (4/4)" />
            <line number="74" hits="2" branch="false" />
            <line number="75" hits="3" branch="false" />
            <line number="76" hits="5" branch="false" />
            <line number="77" hits="6" branch="false" />
            <line number="79" hits="7" branch="false" />
            <line number="80" hits="7" branch="false" />
          </lines>
        </class>
        <class name="SuperCodigo.Program" filename="C:\Documentos Neidson\Documentos Particular\PÓS ENG SOFTWARE\TESTE SISTEMÁTICO DE SOFTWARE\Teste de Unidade\SuperCodigo\SuperCodigo\Program.cs" line-rate="0" branch-rate="1" complexity="NaN">
          <methods>
            <method name="Main" signature="(System.String[])" line-rate="0" branch-rate="1" complexity="NaN">
              <lines>
                <line number="12" hits="0" branch="false" />
                <line number="13" hits="0" branch="false" />
              </lines>
            </method>
          </methods>
          <lines>
            <line number="12" hits="0" branch="false" />
            <line number="13" hits="0" branch="false" />
          </lines>
        </class>
        <class name="SuperCodigo.Valor" filename="C:\Documentos Neidson\Documentos Particular\PÓS ENG SOFTWARE\TESTE SISTEMÁTICO DE SOFTWARE\Teste de Unidade\SuperCodigo\SuperCodigo\Valor.cs" line-rate="1" branch-rate="1" complexity="2">
          <methods>
            <method name="GetValor" signature="()" line-rate="1" branch-rate="1" complexity="1">
              <lines>
                <line number="19" hits="2" branch="false" />
                <line number="20" hits="2" branch="false" />
                <line number="21" hits="2" branch="false" />
              </lines>
            </method>
            <method name="Adicionar" signature="(System.Int32)" line-rate="1" branch-rate="1" complexity="NaN">
              <lines>
                <line number="24" hits="5" branch="false" />
                <line number="25" hits="5" branch="false" />
                <line number="26" hits="5" branch="false" />
              </lines>
            </method>
            <method name="Dividir" signature="(System.Int32)" line-rate="1" branch-rate="1" complexity="NaN">
              <lines>
                <line number="29" hits="2" branch="false" />
                <line number="30" hits="2" branch="true" condition-coverage="100% (2/2)" />
                <line number="31" hits="1" branch="false" />
                <line number="33" hits="1" branch="false" />
                <line number="34" hits="1" branch="false" />
              </lines>
            </method>
            <method name="VerificarMaiorQueZero" signature="()" line-rate="1" branch-rate="1" complexity="1">
              <lines>
                <line number="37" hits="2" branch="false" />
                <line number="38" hits="2" branch="false" />
                <line number="39" hits="2" branch="false" />
              </lines>
            </method>
          </methods>
          <lines>
            <line number="19" hits="2" branch="false" />
            <line number="20" hits="2" branch="false" />
            <line number="21" hits="2" branch="false" />
            <line number="24" hits="5" branch="false" />
            <line number="25" hits="5" branch="false" />
            <line number="26" hits="5" branch="false" />
            <line number="29" hits="2" branch="false" />
            <line number="30" hits="2" branch="true" condition-coverage="100% (2/2)" />
            <line number="31" hits="1" branch="false" />
            <line number="33" hits="1" branch="false" />
            <line number="34" hits="1" branch="false" />
            <line number="37" hits="2" branch="false" />
            <line number="38" hits="2" branch="false" />
            <line number="39" hits="2" branch="false" />
          </lines>
        </class>
      </classes>
    </package>
  </packages>
</coverage>